Performing C SOURCE FILE Test CMAKE_HAVE_LIBC_PTHREAD failed with the following output:
Change Dir: /home/albert/learn_cpp/build/CMakeFiles/CMakeTmp

Run Build Command(s):/usr/bin/make -f Makefile cmTC_c10f0/fast && /usr/bin/make  -f CMakeFiles/cmTC_c10f0.dir/build.make CMakeFiles/cmTC_c10f0.dir/build
make[1]: Entering directory '/home/albert/learn_cpp/build/CMakeFiles/CMakeTmp'
Building C object CMakeFiles/cmTC_c10f0.dir/src.c.o
/usr/bin/cc -DCMAKE_HAVE_LIBC_PTHREAD   -o CMakeFiles/cmTC_c10f0.dir/src.c.o -c /home/albert/learn_cpp/build/CMakeFiles/CMakeTmp/src.c
Linking C executable cmTC_c10f0
/home/albert/.local/lib/python2.7/site-packages/cmake/data/bin/cmake -E cmake_link_script CMakeFiles/cmTC_c10f0.dir/link.txt --verbose=1
/usr/bin/cc -rdynamic CMakeFiles/cmTC_c10f0.dir/src.c.o -o cmTC_c10f0 
CMakeFiles/cmTC_c10f0.dir/src.c.o: In function `main':
src.c:(.text+0x3e): undefined reference to `pthread_create'
src.c:(.text+0x4a): undefined reference to `pthread_detach'
src.c:(.text+0x56): undefined reference to `pthread_cancel'
src.c:(.text+0x67): undefined reference to `pthread_join'
collect2: error: ld returned 1 exit status
CMakeFiles/cmTC_c10f0.dir/build.make:98: recipe for target 'cmTC_c10f0' failed
make[1]: *** [cmTC_c10f0] Error 1
make[1]: Leaving directory '/home/albert/learn_cpp/build/CMakeFiles/CMakeTmp'
Makefile:127: recipe for target 'cmTC_c10f0/fast' failed
make: *** [cmTC_c10f0/fast] Error 2


Source file was:
#include <pthread.h>

static void* test_func(void* data)
{
  return data;
}

int main(void)
{
  pthread_t thread;
  pthread_create(&thread, NULL, test_func, NULL);
  pthread_detach(thread);
  pthread_cancel(thread);
  pthread_join(thread, NULL);
  pthread_atfork(NULL, NULL, NULL);
  pthread_exit(NULL);

  return 0;
}

Determining if the function pthread_create exists in the pthreads failed with the following output:
Change Dir: /home/albert/learn_cpp/build/CMakeFiles/CMakeTmp

Run Build Command(s):/usr/bin/make -f Makefile cmTC_b63c4/fast && /usr/bin/make  -f CMakeFiles/cmTC_b63c4.dir/build.make CMakeFiles/cmTC_b63c4.dir/build
make[1]: Entering directory '/home/albert/learn_cpp/build/CMakeFiles/CMakeTmp'
Building C object CMakeFiles/cmTC_b63c4.dir/CheckFunctionExists.c.o
/usr/bin/cc   -DCHECK_FUNCTION_EXISTS=pthread_create -o CMakeFiles/cmTC_b63c4.dir/CheckFunctionExists.c.o -c /home/albert/.local/lib/python2.7/site-packages/cmake/data/share/cmake-3.21/Modules/CheckFunctionExists.c
Linking C executable cmTC_b63c4
/home/albert/.local/lib/python2.7/site-packages/cmake/data/bin/cmake -E cmake_link_script CMakeFiles/cmTC_b63c4.dir/link.txt --verbose=1
/usr/bin/cc  -DCHECK_FUNCTION_EXISTS=pthread_create -rdynamic CMakeFiles/cmTC_b63c4.dir/CheckFunctionExists.c.o -o cmTC_b63c4  -lpthreads 
/usr/bin/ld: cannot find -lpthreads
collect2: error: ld returned 1 exit status
CMakeFiles/cmTC_b63c4.dir/build.make:98: recipe for target 'cmTC_b63c4' failed
make[1]: *** [cmTC_b63c4] Error 1
make[1]: Leaving directory '/home/albert/learn_cpp/build/CMakeFiles/CMakeTmp'
Makefile:127: recipe for target 'cmTC_b63c4/fast' failed
make: *** [cmTC_b63c4/fast] Error 2



